Analysis & Synthesis report for UP2_TOP
Wed Dec 23 10:54:49 2015
Version 4.1 Build 208 09/10/2004 Service Pack 2 SJ Web Edition


---------------------
; Table of Contents ;
---------------------
  1. Legal Notice
  2. Analysis & Synthesis Summary
  3. Analysis & Synthesis Settings
  4. Analysis & Synthesis Source Files Read
  5. Analysis & Synthesis Messages



----------------
; Legal Notice ;
----------------
Copyright (C) 1991-2004 Altera Corporation
Any  megafunction  design,  and related netlist (encrypted  or  decrypted),
support information,  device programming or simulation file,  and any other
associated  documentation or information  provided by  Altera  or a partner
under  Altera's   Megafunction   Partnership   Program  may  be  used  only
to program  PLD  devices (but not masked  PLD  devices) from  Altera.   Any
other  use  of such  megafunction  design,  netlist,  support  information,
device programming or simulation file,  or any other  related documentation
or information  is prohibited  for  any  other purpose,  including, but not
limited to  modification,  reverse engineering,  de-compiling, or use  with
any other  silicon devices,  unless such use is  explicitly  licensed under
a separate agreement with  Altera  or a megafunction partner.  Title to the
intellectual property,  including patents,  copyrights,  trademarks,  trade
secrets,  or maskworks,  embodied in any such megafunction design, netlist,
support  information,  device programming or simulation file,  or any other
related documentation or information provided by  Altera  or a megafunction
partner, remains with Altera, the megafunction partner, or their respective
licensors. No other licenses, including any licenses needed under any third
party's intellectual property, are provided herein.



+----------------------------------------------------------------------------+
; Analysis & Synthesis Summary                                               ;
+-----------------------------+----------------------------------------------+
; Analysis & Synthesis Status ; Failed - Wed Dec 23 10:54:49 2015            ;
; Quartus II Version          ; 4.1 Build 208 09/10/2004 SP 2 SJ Web Edition ;
; Revision Name               ; UP2_TOP                                      ;
; Top-level Entity Name       ; UP2_TOP                                      ;
; Family                      ; FLEX10K                                      ;
+-----------------------------+----------------------------------------------+


+----------------------------------------------------------------------------------------+
; Analysis & Synthesis Settings                                                          ;
+------------------------------------------------------+-----------------+---------------+
; Option                                               ; Setting         ; Default Value ;
+------------------------------------------------------+-----------------+---------------+
; Device                                               ; EPF10K70RC240-4 ;               ;
; Family name                                          ; FLEX10K         ; Stratix II    ;
; Use Generated Physical Constraints File              ; Off             ;               ;
; Create Debugging Nodes for IP Cores                  ; off             ; off           ;
; Disk space/compilation speed tradeoff                ; Normal          ; Normal        ;
; Preserve fewer node names                            ; On              ; On            ;
; Disable OpenCore Plus hardware evaluation            ; Off             ; Off           ;
; Verilog Version                                      ; Verilog_2001    ; Verilog_2001  ;
; VHDL Version                                         ; VHDL93          ; VHDL93        ;
; Top-level entity name                                ; UP2_TOP         ; UP2_TOP       ;
; State Machine Processing                             ; Auto            ; Auto          ;
; NOT Gate Push-Back                                   ; On              ; On            ;
; Power-Up Don't Care                                  ; On              ; On            ;
; Remove Redundant Logic Cells                         ; Off             ; Off           ;
; Remove Duplicate Registers                           ; On              ; On            ;
; Ignore CARRY Buffers                                 ; Off             ; Off           ;
; Ignore CASCADE Buffers                               ; Off             ; Off           ;
; Ignore GLOBAL Buffers                                ; Off             ; Off           ;
; Ignore ROW GLOBAL Buffers                            ; Off             ; Off           ;
; Ignore LCELL Buffers                                 ; Off             ; Off           ;
; Ignore SOFT Buffers                                  ; On              ; On            ;
; Limit AHDL Integers to 32 Bits                       ; Off             ; Off           ;
; Auto Implement in ROM                                ; Off             ; Off           ;
; Optimization Technique -- FLEX 10K/10KE/10KA/ACEX 1K ; Area            ; Area          ;
; Carry Chain Length -- FLEX 10K                       ; 32              ; 32            ;
; Cascade Chain Length                                 ; 2               ; 2             ;
; Auto Carry Chains                                    ; On              ; On            ;
; Auto Open-Drain Pins                                 ; On              ; On            ;
; Remove Duplicate Logic                               ; On              ; On            ;
; Auto ROM Replacement                                 ; On              ; On            ;
; Auto RAM Replacement                                 ; On              ; On            ;
; Auto Clock Enable Replacement                        ; On              ; On            ;
; Auto Resource Sharing                                ; Off             ; Off           ;
; Allow Any RAM Size For Recognition                   ; Off             ; Off           ;
; Allow Any ROM Size For Recognition                   ; Off             ; Off           ;
+------------------------------------------------------+-----------------+---------------+


+----------------------------------------+
; Analysis & Synthesis Source Files Read ;
+-----------+----------------------------+
; File Name ; Used in Netlist            ;
+-----------+----------------------------+


+-------------------------------+
; Analysis & Synthesis Messages ;
+-------------------------------+
Info: *******************************************************************
Info: Running Quartus II Analysis & Synthesis
    Info: Version 4.1 Build 208 09/10/2004 Service Pack 2 SJ Web Edition
    Info: Processing started: Wed Dec 23 10:54:48 2015
Info: Command: quartus_map --import_settings_files=on --export_settings_files=off UP2_TOP -c UP2_TOP
Info: Found 1 design units, including 1 entities, in source file dek7seg.v
    Info: Found entity 1: dek7seg
Info: Found 1 design units, including 1 entities, in source file prescaler.v
    Info: Found entity 1: prescaler
Info: Found 0 design units, including 0 entities, in source file UP2_TOP.v
Error: Top-level design entity UP2_TOP is undefined
Error: Quartus II Analysis & Synthesis was unsuccessful. 1 error, 0 warnings
    Error: Processing ended: Wed Dec 23 10:54:49 2015
    Error: Elapsed time: 00:00:00


